[GUI] -                            
[GUI] -                            
[GUI] -                            
[GUI] - Welcome to the Sonic Pi GUI
[GUI] - ===========================
[GUI] -                            
[GUI] - {bdaead36-1ddd-4cf0-bee8-d46ba292cb65}
[GUI] - ui locale:  en-DE
[GUI] - sys locale: en_DE
[GUI] - translations available 
[GUI] - Discovering port numbers...
[GUI] - Port entry server-listen-to-gui : 51235 : 51235
[GUI] - Port entry gui-send-to-server : 51235 : 51235
[GUI] - Port entry gui-listen-to-server : 51236 : 51236
[GUI] - Port entry server-send-to-gui : 51236 : 51236
[GUI] - Port entry scsynth : 51237 : 51237
[GUI] - Port entry scsynth-send : 51237 : 51237
[GUI] - Port entry server-osc-cues : 4560 : 4560
[GUI] - Port entry erlang-router : 51238 : 51238
[GUI] - Port entry websocket : 51239 : 51239
[GUI] - Detecting port numbers...
[GUI] - GUI listen to server port 51236
[GUI] -    port: 51236 [OK]
[GUI] - Server listen to gui port 51235
[GUI] -    port: 51235 [OK]
[GUI] - Server incoming OSC cues port 4560
[GUI] -    port: 4560 [OK]
[GUI] - Scsynth port 51237
[GUI] -    port: 51237 [OK]
[GUI] - Server send to GUI port 51236
[GUI] -    port: 51236 [OK]
[GUI] - GUI send to server port 51235
[GUI] -    port: 51235 [OK]
[GUI] - Scsynth send port 51237
[GUI] -    port: 51237 [OK]
[GUI] - Erlang router port 51238
[GUI] -    port: 51238 [OK]
[GUI] - Websocket port 51239
[GUI] -    port: 51239 [OK]
[GUI] - All ports OK
[GUI] - hiding main window
[GUI] - initialising toolbar icons
[GUI] - setting up window structure
[GUI] - restoring scope states 
[GUI] - creating status bar
[GUI] - creating info panel
[GUI] - creating shortcuts
[GUI] - creating tool bar
[GUI] - initialising documentation window
[GUI] - launching Sonic Pi Runtime Server:
[GUI] - starting UDP OSC Server on port 51236...
[GUI] - UDP OSC Server ready and listening
[GUI] - Ruby server pid registered: 59138
[GUI] - wait for sync
[GUI] - waiting for Sonic Pi Server to boot...
......
[GUI] - Sonic Pi Server successfully booted.
[GUI] - waiting for Sonic Pi Server to respond...
..
[GUI] - Sonic Pi Server connection established
[GUI] - honour prefs
[GUI] - asking OSC server to start
[GUI] - cue port in internal mode
[GUI] - update prefs icon
[GUI] - toggle icons
[GUI] - full screen
[GUI] - load workspaces
[GUI] - loading workspaces
[GUI] - load request Version
[GUI] Change Volume to 80
[GUI] - boot sequence completed.
[GUI] - asking OSC server to start
[GUI] - cue port in internal mode
[GUI] - writing settings
[GUI] - stopping OSC server
[GUI] - stopping UDP OSC Server...
[GUI] - saving workspaces
[GUI] - UDP OSC Server no longer listening
[GUI] - asking server process to exit...
[GUI] - executing exit script
[GUI] - exiting. Cheerio :-)
